2021-09-17 11:47:33.346415: I tensorflow/core/platform/cpu_feature_guard.cc:142] This TensorFlow binary is optimized with oneAPI Deep Neural Network Library (oneDNN) to use the following CPU instructions in performance-critical operations:  AVX2 FMA
To enable them in other operations, rebuild TensorFlow with the appropriate compiler flags.
GenericStoutSmear T: (0, 0) : (2, 2)
Dependent links forms 7 x 8 plaquettes.
LeapFrog init with dt 0.01 step/traj 4
Metropolis init with conf <nthmc.Conf object at 0x11017b190>
2021-09-17 11:47:37.393711: I tensorflow/compiler/mlir/mlir_graph_optimization_pass.cc:185] None of the MLIR Optimization Passes are enabled (registered 2)
# finished initialize MCMC in 5.3190910816192627 sec
LossFun init with action <nthmc.U1d2 object at 0x14f73a9d0>
-------- start epoch 0 @ 1631897259.935617 --------
beta: 3
# pre-training inference step with forced acceptance: 0
dfnorm2/v: 0.087817500562106923
dfnormInf: 0.98700447921662438
loss: 1.0748219797787313
V-old: 182.9400835419774
T-old: 60.393968978834479
V-prp: 181.19276339178521
T-prp: 62.141717644891067
dp2: 3.8150305435368539
force: 33.726906755480329 33.593195147104623 33.866893947582504 5.94143566730979 5.936053193071813 5.9466066940111464
coeff: [-0.0049675734925742161 -0.00076974670811258861]
lnJ: 0.0099553652874532442 0.00936675929024931 0.010685659105489263
dH: 0.0004285158643710929
exp_mdH: 0.99957157593543888
accept: 1
plaqWoTrans: 0.056675211343386336 0.056675211343386336 0.056675211343386336
plaq: 0.056232036193277726 0.056232036193277726 0.056232036193277726
topo: [-2]
# pre-training inference step: 0
dfnorm2/v: 0.087805597729758558
dfnormInf: 0.99364110068712552
loss: 1.081446698416884
V-old: 181.19276339178521
T-old: 59.225995718232205
V-prp: 178.61863524763473
T-prp: 61.800326495561379
dp2: 3.768009490742652
force: 33.5495881678123 33.542201186480163 33.553723294184216 5.9582029511779346 5.9417821590554034 5.9711380217405212
coeff: [-0.0049673793410245125 -0.000769110596668642]
lnJ: 0.011341376469126592 0.010685659105489263 0.01216623467135516
dH: 0.00020263317870217179
exp_mdH: 0.99979738735001378
accept: 1
plaqWoTrans: 0.070049995703789752 0.070049995703789752 0.070049995703789752
plaq: 0.069631242279655836 0.069631242279655836 0.069631242279655836
topo: [-2]
-------- done mixing epoch 0 in 8.5293960571289062 sec, 4.2646980285644531 sec/step --------
# training inference step: 0
V-old: 178.61863524763473
T-old: 60.994917602310935
V-prp: 178.81171214023814
T-prp: 60.801726571573383
dp2: 3.7920592182417838
force: 33.577178158407037 33.546840057688563 33.607289413149417 5.9698532415859855 5.9665759355250625 5.97243730740308
coeff: [-0.0049673412589511766 -0.00076893082058322965]
lnJ: 0.011789972773510475 0.011549405288711682 0.01216623467135516
dH: -0.00011413813416538687
exp_mdH: 1.00011414464817
accept: 1
plaqWoTrans: 0.069056415207694663 0.069056415207694663 0.069056415207694663
plaq: 0.06862884611704767 0.06862884611704767 0.06862884611704767
topo: [-1]
# training step: 0
# forward time: 0.45556998252868652 sec backward time: 1.7829608917236328 sec max iter: 6
plaq_pre_update: 0.06862884611704767 0.06862884611704767 0.06862884611704767
weights_pre_update: [[[[[0.029889303540448789 0.0034916406285122534]]

  [[0.010215760955761729 0.016357887290037759]]]


 [[[0.033424394607070029 -0.014680346756194529]]

  [[0.043428626106131449 0.050132158027301636]]]


 [[[-0.038296047019467663 0.045756238089084494]]

  [[-0.010438518058390044 0.015809896669277127]]]], [0.015020334887308737 0.045194006831208861], [[[[0.014834440140171837 -0.036981480892005258]]

  [[0.018404119328454708 0.10844440611385063]]

  [[-0.039499493819473305 -0.061891445067775691]]]


 [[[-0.045555887383206123 -0.085249649249903928]]

  [[-0.012623062005486544 -0.034264668862193086]]

  [[0.06604344391338568 -0.0045601035762267731]]]


 [[[-0.037684074451700994 0.071122007826973033]]

  [[-0.0089164476882135739 0.070969258173938565]]

  [[-0.045680272164729252 -0.042350300264371976]]]], [0.015764640046288768 0.061673917640846024], [[[[-0.0079016291866570616 -0.023384162971557682]
   [-0.058107555139811078 0.011647805576611062]
   [-0.092655974093000734 0.016039776923552788]
   [0.092161192170479758 0.01127370545053533]]

  [[0.025035913389184372 0.023409938376579398]
   [-0.12144519078068761 -0.049131853439179723]
   [-0.012003839019740437 0.16929562213606161]
   [-0.0291152544898793 0.022903396527716387]]

  [[-0.072057225719364876 -0.22295569235243939]
   [0.02418543075797519 0.11030563764353406]
   [0.054375894176289054 -0.0810363197035939]
   [0.0058310862366578384 0.017121696288752163]]]


 [[[0.07074010505945548 -0.012105124892578038]
   [0.033110813387841824 -0.056001638224879184]
   [-0.10478399822311327 -0.0251476549253708]
   [0.031394645019988739 -0.029793637164717026]]

  [[0.13235160591340139 0.01082200694488461]
   [-0.093201723972258 -0.0355676709687796]
   [0.0017413506420133275 0.01081827814294146]
   [-0.092895543568887851 0.0335911648649045]]

  [[-0.16951899294065054 -0.018758529057076437]
   [0.13113214767968129 -0.00063683275494048745]
   [-0.018044775616558564 0.0017618202636677936]
   [0.049307485765613661 -0.0683513144012621]]]


 [[[-0.0076728147182336314 0.075179559956572647]
   [-0.014680330120366106 -0.019635388384382377]
   [0.097891822343783172 -0.02066341356132945]
   [-0.0573570071079491 0.020994057018868653]]

  [[-0.044471760820109965 0.0566382082685311]
   [0.049381915950682524 0.022973825956930746]
   [0.044208540512899346 -0.010069135714225227]
   [-0.030191762774704548 0.037883662802079193]]

  [[-0.061129006118344355 -0.013314196995091796]
   [0.061643297340779182 0.030214017772270948]
   [-0.0046896098886776627 -0.027048583663449585]
   [0.041495335832699431 0.028982964961029575]]]], [0.023115875474359823 0.0095492768313677357], [[[[-0.00089791112838125218 -0.0082311978886638552]
   [0.0035425585937442746 -0.084073156227661164]]

  [[-0.012384351171451993 -0.034012059005232922]
   [0.017934379448660224 0.0050034950895123508]]

  [[-0.096541062786023091 0.016113598285405303]
   [0.0089577305367061471 0.018540939874248333]]]


 [[[-0.025461386137562787 0.01252343672645969]
   [-0.02913612716356398 -0.0075641533194334854]]

  [[0.14023836557865582 -0.080903378539260121]
   [-0.027343099834360618 -0.064970746641628649]]

  [[0.018623302098747439 -0.01097933080683184]
   [-0.0669301765399923 -0.015845099998230538]]]


 [[[-0.010405517663306106 -0.0034542447692845635]
   [-0.00076654606107560616 -0.035430094860220487]]

  [[-0.0227691452791228 -0.001828690884589786]
   [-0.058265483234933371 -0.059701775218241417]]

  [[0.032197094330803346 -0.0035945865389671004]
   [0.072628209929770163 0.090540702684546934]]]], [-0.046625659718844206 -0.004998818844183647]]
dfnorm2/v: 0.087987208885695167
dfnormInf: 0.99253729906089383
loss: 1.0805245079465891
plaqWoTrans: 0.069056415207694649 0.069056415207694649 0.069056415207694649
plaq: 0.068652946309407367 0.068652946309407367 0.068652946309407367
gradients: [[[[[1.6971125155197259e-05 -1.371041200476218e-05]]

  [[-3.0450787011941566e-05 3.8022111821174129e-05]]]


 [[[4.8755747217960259e-06 -2.4645160644029012e-05]]

  [[-2.4768626674055849e-05 -3.9486357671391522e-05]]]


 [[[4.50438219735685e-06 1.8195066802487607e-06]]

  [[3.4653799604449542e-05 -6.978901551697422e-06]]]], [5.5950634825442747e-05 -7.6387221666312983e-06], [[[[3.7978238810877568e-05 -2.3677868629553381e-05]]

  [[-1.5520970851928487e-05 -5.3073467400100718e-07]]

  [[4.1113218429921493e-05 1.4837820053979138e-05]]]


 [[[-3.6003855914353669e-05 1.6874910895307009e-05]]

  [[1.2935159919454561e-05 -1.4467917746254872e-05]]

  [[2.9452793288465681e-05 -1.0807977471659982e-05]]]


 [[[3.1923181764019159e-05 -1.4787059206892894e-06]]

  [[-4.3444913484872366e-05 -1.324139153593265e-05]]

  [[2.5954663410425464e-05 -4.4987609268843642e-08]]]], [5.4845530053426675e-07 -1.8727598353263e-05], [[[[6.0081207497292411e-06 -1.0518545418309573e-05]
   [-5.419157196051469e-06 -7.6762128495294081e-06]
   [-9.9358324306772239e-06 1.7710057042451811e-05]
   [3.917088832694879e-06 -2.4159088549612403e-06]]

  [[1.2027643181246339e-05 -8.496320991226571e-06]
   [-9.5743204616361111e-06 -1.0176486330113542e-05]
   [-1.059795758454972e-05 -1.5948043818569284e-05]
   [4.7413165896734265e-06 -5.6951944642345761e-05]]

  [[1.3736851978756276e-05 -8.2053777710509475e-06]
   [-1.0398319243294363e-05 2.26780335932004e-06]
   [-1.6830048793994151e-05 7.9494884758353842e-06]
   [-1.7261564556608239e-05 -1.549288656483046e-06]]]


 [[[-9.3799180113706167e-06 -3.9312694001761218e-06]
   [-1.3780232061553222e-05 -1.0721522942419217e-05]
   [-1.4094250110695878e-05 -3.2757537221896185e-05]
   [-4.25683373614338e-05 -3.5342645505887818e-05]]

  [[-8.02140007784923e-06 3.3194123371724924e-06]
   [-9.3589039686417836e-06 -5.9190890693328643e-06]
   [-3.2557524271782498e-06 1.7118700672663378e-05]
   [-2.0655150216307307e-05 -3.0177148705060123e-06]]

  [[4.7316974670323619e-06 5.6238733692389521e-06]
   [-1.1162601539791082e-05 -1.511790251922797e-05]
   [1.5955683541518152e-05 7.41855053123549e-07]
   [6.0692613431256723e-06 -4.6092511995927576e-06]]]


 [[[-2.995999869209462e-06 -9.6378165547951284e-06]
   [-9.1543014395605152e-06 -2.6223697602442522e-06]
   [-2.411228806228258e-06 2.8321635719384708e-06]
   [2.6816034162642306e-06 -2.7442298556786785e-05]]

  [[-3.5737797752576467e-06 -3.4833294483351081e-06]
   [-1.954344146058629e-05 -1.276700839730167e-05]
   [-9.1698067684199359e-07 -1.5557730474582132e-06]
   [-2.1481359362412752e-05 -4.2798859511240453e-05]]

  [[-2.4635799952937947e-05 -5.43621333197305e-06]
   [-2.2029224511046475e-05 -1.7963587995934912e-05]
   [-6.3194218076913534e-05 -2.0946878168649265e-05]
   [-3.6430411750577646e-05 9.8633516794678858e-06]]]], [-0.00047756559901609568 -0.0004013165431964959], [[[[-2.6303585330329716e-05 8.6216782647540271e-05]
   [-3.0696034964890762e-06 6.571479669860867e-05]]

  [[-5.003417571623843e-05 8.5673524285568022e-05]
   [-8.0657488045471478e-06 6.3187303029184783e-05]]

  [[-1.8007451583993661e-05 8.8664609935065091e-05]
   [-3.6275874529948486e-05 4.3518999921063293e-05]]]


 [[[-6.9137920881731627e-05 0.00012445922779793513]
   [-1.3984873310024774e-05 2.4938702344402662e-05]]

  [[-4.6611777670355905e-05 8.59644605267517e-05]
   [-4.0072186958111148e-05 4.3746171535087883e-05]]

  [[-6.6524647208536332e-05 0.00014112375524687838]
   [-3.01565541068007e-05 3.9292456328536572e-05]]]


 [[[-7.4681016453098688e-05 0.00010218629832237185]
   [-4.5136269396844408e-05 9.71153327867717e-05]]

  [[-5.3047481322392867e-05 6.0627113438434292e-05]
   [-4.2199843381788859e-05 8.1483042212357462e-05]]

  [[-4.2431697517722381e-05 0.00011249716237498533]
   [-3.4721371821327256e-05 8.6303609272434943e-05]]]], [-0.0040287711878979346 0.0071998429057475426]]
weights: [[[[[0.029046370581844783 0.0043042197956033425]]

  [[0.011121681624220102 0.015434671107588623]]]


 [[[0.03281781932131049 -0.01379406793024633]]

  [[0.044315407626061669 0.051058010411383539]]]


 [[[-0.038883574121866847 0.045391007640024135]]

  [[-0.011354895036189371 0.016498069881525884]]]], [0.014073830716517913 0.045901229149068995], [[[[0.013911305841420913 -0.036099300461977249]]

  [[0.019234861084520233 0.10858811854307368]]

  [[-0.040428070687279577 -0.062715763036152936]]]


 [[[-0.044636627920363776 -0.08609182800697332]]

  [[-0.01342661500031244 -0.033444036906929084]]

  [[0.065140401992955649 -0.0037864625700875774]]]


 [[[-0.038593943248696895 0.071440625524955878]]

  [[-0.00798429761640027 0.07177647853264002]]

  [[-0.046571665475394146 -0.042336273571196112]]]], [0.015616838433067088 0.062529453862949974], [[[[-0.0085567924009001123 -0.022615310819442364]
   [-0.057476058812093986 0.012356040620034394]
   [-0.091897405307755378 0.015191283409846516]
   [0.091607883091322617 0.011706803222849503]]

  [[0.024244097042061419 0.024138697193456231]
   [-0.12069347470058937 -0.048368928831604888]
   [-0.011233652884040381 0.17013014643255853]
   [-0.0297151466975447 0.023850791767647244]]

  [[-0.072870098120328977 -0.22223387565799402]
   [0.024952233591332269 0.10988800207655068]
   [0.055217718788105385 -0.081751730214641147]
   [0.0066762527821318772 0.017450521552399036]]]


 [[[0.071487972775634984 -0.01155092284503878]
   [0.033924164915167969 -0.055229406756101308]
   [-0.10396725024571228 -0.024235692535787928]
   [0.032325494526695774 -0.028875764186571843]]

  [[0.13306884634593877 0.01030988710096865]
   [-0.092454279403919232 -0.034915888449846166]
   [0.0022486312578617325 0.0099742022792332664]
   [-0.092028315854351422 0.034079467246925323]]

  [[-0.1701183976022578 -0.019398611453514861]
   [0.13191139238054708 0.00019017694921519453]
   [-0.018879366038702092 0.0015718033572980647]
   [0.048650038697929616 -0.067758221403956154]]]


 [[[-0.007186316652222649 0.075932507671109428]
   [-0.013937080986810443 -0.019182057270854768]
   [0.098324444092502433 -0.021135876961834409]
   [-0.057815879245732837 0.021890729510340743]]

  [[-0.043941217667956389 0.05716236187659994]
   [0.050242642922742962 0.023775305234918619]
   [0.044433330430245013 -0.00973938800586487]
   [-0.029320083703206209 0.038814859139287908]]

  [[-0.060242765586714944 -0.012681969697875778]
   [0.062517767136439209 0.031064329510119282]
   [-0.0037372660225660813 -0.026179749365572255]
   [0.042415465161934028 0.028225739611210578]]]], [0.024109297376119075 0.010541458674685174], [[[[-5.2317449153610213e-06 -0.0091958171944531483]
   [0.0040351215194728675 -0.085027244086496145]]

  [[-0.011443796759072481 -0.034976461946910446]
   [0.018652736729843168 0.0040511561901942945]]

  [[-0.095690440894938389 0.015148035836185205]
   [0.0098775468950799538 0.017608682119848722]]]


 [[[-0.024505124521501276 0.011548215399847376]
   [-0.028320548097627241 -0.0084516200718011327]]

  [[0.14117483258965913 -0.081867897680475629]
   [-0.02641624274598316 -0.065903332463138689]]

  [[0.019577923515328135 -0.011957413987829936]
   [-0.066025086669933147 -0.01677061373163061]]]


 [[[-0.0094461415048173875 -0.004424227348329781]
   [0.00016798003271196159 -0.03639855947811358]]

  [[-0.021825404092703827 -0.0027791169025585994]
   [-0.057335195464449207 -0.060664415877040842]]

  [[0.033127736601470295 -0.0045672451294286424]
   [0.073544736064085361 0.08957604904176289]]]], [-0.045626443984425863 -0.0059983798668466516]]
-------- done training epoch 0 in 6.9970741271972656 sec, 6.9970741271972656 sec/step --------
# forward time: 0.0014111995697021484 sec backward time: 1.4576289653778076 sec max iter: 6
finalWeightsAll: [0.01,
 array([[[[ 0.02904637,  0.00430422]],

        [[ 0.01112168,  0.01543467]]],


       [[[ 0.03281782, -0.01379407]],

        [[ 0.04431541,  0.05105801]]],


       [[[-0.03888357,  0.04539101]],

        [[-0.0113549 ,  0.01649807]]]]),
 array([0.01407383, 0.04590123]),
 array([[[[ 0.01391131, -0.0360993 ]],

        [[ 0.01923486,  0.10858812]],

        [[-0.04042807, -0.06271576]]],


       [[[-0.04463663, -0.08609183]],

        [[-0.01342662, -0.03344404]],

        [[ 0.0651404 , -0.00378646]]],


       [[[-0.03859394,  0.07144063]],

        [[-0.0079843 ,  0.07177648]],

        [[-0.04657167, -0.04233627]]]]),
 array([0.01561684, 0.06252945]),
 array([[[[-8.55679240e-03, -2.26153108e-02],
         [-5.74760588e-02,  1.23560406e-02],
         [-9.18974053e-02,  1.51912834e-02],
         [ 9.16078831e-02,  1.17068032e-02]],

        [[ 2.42440970e-02,  2.41386972e-02],
         [-1.20693475e-01, -4.83689288e-02],
         [-1.12336529e-02,  1.70130146e-01],
         [-2.97151467e-02,  2.38507918e-02]],

        [[-7.28700981e-02, -2.22233876e-01],
         [ 2.49522336e-02,  1.09888002e-01],
         [ 5.52177188e-02, -8.17517302e-02],
         [ 6.67625278e-03,  1.74505216e-02]]],


       [[[ 7.14879728e-02, -1.15509228e-02],
         [ 3.39241649e-02, -5.52294068e-02],
         [-1.03967250e-01, -2.42356925e-02],
         [ 3.23254945e-02, -2.88757642e-02]],

        [[ 1.33068846e-01,  1.03098871e-02],
         [-9.24542794e-02, -3.49158884e-02],
         [ 2.24863126e-03,  9.97420228e-03],
         [-9.20283159e-02,  3.40794672e-02]],

        [[-1.70118398e-01, -1.93986115e-02],
         [ 1.31911392e-01,  1.90176949e-04],
         [-1.88793660e-02,  1.57180336e-03],
         [ 4.86500387e-02, -6.77582214e-02]]],


       [[[-7.18631665e-03,  7.59325077e-02],
         [-1.39370810e-02, -1.91820573e-02],
         [ 9.83244441e-02, -2.11358770e-02],
         [-5.78158792e-02,  2.18907295e-02]],

        [[-4.39412177e-02,  5.71623619e-02],
         [ 5.02426429e-02,  2.37753052e-02],
         [ 4.44333304e-02, -9.73938801e-03],
         [-2.93200837e-02,  3.88148591e-02]],

        [[-6.02427656e-02, -1.26819697e-02],
         [ 6.25177671e-02,  3.10643295e-02],
         [-3.73726602e-03, -2.61797494e-02],
         [ 4.24154652e-02,  2.82257396e-02]]]]),
 array([0.0241093 , 0.01054146]),
 array([[[[-5.23174492e-06, -9.19581719e-03],
         [ 4.03512152e-03, -8.50272441e-02]],

        [[-1.14437968e-02, -3.49764619e-02],
         [ 1.86527367e-02,  4.05115619e-03]],

        [[-9.56904409e-02,  1.51480358e-02],
         [ 9.87754690e-03,  1.76086821e-02]]],


       [[[-2.45051245e-02,  1.15482154e-02],
         [-2.83205481e-02, -8.45162007e-03]],

        [[ 1.41174833e-01, -8.18678977e-02],
         [-2.64162427e-02, -6.59033325e-02]],

        [[ 1.95779235e-02, -1.19574140e-02],
         [-6.60250867e-02, -1.67706137e-02]]],


       [[[-9.44614150e-03, -4.42422735e-03],
         [ 1.67980033e-04, -3.63985595e-02]],

        [[-2.18254041e-02, -2.77911690e-03],
         [-5.73351955e-02, -6.06644159e-02]],

        [[ 3.31277366e-02, -4.56724513e-03],
         [ 7.35447361e-02,  8.95760490e-02]]]]),
 array([-0.04562644, -0.00599838]),
 3.0]
