1.             0.04063623610507241
1.0634765625   0.03867103242410119
1.12890625     0.03674552213009318
1.1962890625   0.03486670531574255
1.265625       0.03304094426460424
1.3369140625   0.0312738803207655
1.41015625     0.02957036847391086
1.6416015625   0.02487708778200323
1.890625       0.02084954907525574
2.             0.01936404562797754
2.126953125    0.01782624832398093
2.2578125      0.016427047767516
2.392578125    0.01515876335753109
2.53125        0.01401261501342498
2.673828125    0.01297916181818427
2.8203125      0.01204868737801605
3.             0.01106079968653344
3.1904296875   0.01016714728238975
3.283203125    0.00978011853533632
3.38671875     0.00938083022126969
3.5888671875   0.00868732202955922
3.78125        0.00811671395816551
3.796875       0.00807369688676601
4.             0.007554213055408754
4.0107421875   0.007528648444519581
4.23046875     0.007042421154292569
4.25390625     0.00699437495135708
4.515625       0.006500841821305928
4.78515625     0.006063072068279411
4.9248046875   0.005859584936439305
5.             0.005755807263907392
5.0625         0.005672423614670682
5.3173828125   0.005356902587993515
5.34765625     0.005321832989503359
5.640625       0.005005526491002472
5.64453125     0.005001571598761037
5.671875       0.004974067277631603
5.9814453125   0.004683131575601951
6.             0.004666802559677047
6.328125       0.004396202686756235
6.380859375    0.00435568361428528
6.56640625     0.00421899395033491
6.6845703125   0.004136418826601587
6.7734375      0.004076456717250837
7.             0.003931306073890317
7.05078125     0.003900203125535805
7.177734375    0.003824590812262843
7.4443359375   0.003675105669117947
7.5625         0.003612573238803462
7.59375        0.003596394522323827
7.90234375     0.003444167055975252
8.             0.003398671648373913
8.021484375    0.003388825198250748
8.2080078125   0.003305702340270606
8.3740234375   0.003235106587771254
8.4609375      0.003199347458057474
8.5078125      0.003180390673687357
8.859375       0.00304512417596931
9.             0.002994208757285304
9.03125        0.00298312623682332
9.3583984375   0.002871878269626477
9.453125       0.002841208337951943
9.5703125      0.002804166183294452
9.5712890625   0.002803861580425435
9.849609375    0.002719680238872995
9.87109375     0.002713392849077596
10.            0.002676273804410253
10.125         0.002641241623044652
10.16015625    0.002631554286108106
10.634765625   0.002507431865299521
10.6953125     0.002492438083745025
10.7666015625  0.002475013339764146
11.            0.002419638353862288
11.28125       0.002356128011618703
11.2890625     0.002354411570742617
11.34375       0.002342466409656399
11.390625      0.002332324103901151
11.4912109375  0.00231085516003376
11.6982421875  0.002267891642780542
11.962890625   0.002215250954530997
12.            0.002208064943892145
12.0322265625  0.002201862296603196
12.41796875    0.002130243083915841
12.65625       0.002088290775134116
12.69140625    0.002082240951110054
12.76171875    0.002070246139198803
13.            0.002030607694651193
13.1328125     0.002009167627105579
13.1591796875  0.002004965029274991
13.234375      0.001993076071516509
13.369140625   0.001972118511499152
13.546875      0.001945145105536128
13.8251953125  0.001904361052111148
13.921875      0.001890592159696406
14.1015625     0.001865524492558981
14.35546875    0.001831217517532835
14.67578125    0.001789700506167565
14.7060546875  0.001785873988406259
14.7744140625  0.001777293477840677
15.125         0.001734554594440994
15.1875        0.001727150747378293
15.51171875    0.001689737363246632
15.5517578125  0.001685229367635733
16.04296875    0.001631822561776194
16.416015625   0.001593474764141355
16.453125      0.001589758538290917
16.921875      0.00154426834099719
17.015625      0.001535481346120149
17.3798828125  0.001502269941542008
18.0576171875  0.001444156848931979
18.33203125    0.001421887387196542
18.90625       0.001377442992172273
19.69921875    0.001320450331780121
20.796875      0.001248926310532776
21.3408203125  0.001216280919365863
22.6875        0.001142360093830324
24.578125      0.001052559860195304
