WARNING:root:Limited tf.compat.v2.summary API due to missing TensorBoard installation.
WARNING:root:Limited tf.compat.v2.summary API due to missing TensorBoard installation.
WARNING:root:Limited tf.compat.v2.summary API due to missing TensorBoard installation.
WARNING:root:Limited tf.summary API due to missing TensorBoard installation.
2021-09-16 20:47:55.276637: I tensorflow/core/common_runtime/gpu/gpu_device.cc:1510] Created device /job:localhost/replica:0/task:0/device:GPU:0 with 14648 MB memory:  -> device: 0, name: Tesla V100-SXM2-16GB, pci bus id: 0035:03:00.0, compute capability: 7.0
GenericStoutSmear T: (0, 0) : (2, 2)
2021-09-16 20:47:56.732933: I tensorflow/stream_executor/cuda/cuda_dnn.cc:369] Loaded cuDNN version 8005
Dependent links forms 7 x 8 plaquettes.
LeapFrog init with dt 0.01 step/traj 4
Metropolis init with conf <nthmc.Conf object at 0x7fffb329dac0>
2021-09-16 20:48:26.537373: I tensorflow/compiler/mlir/mlir_graph_optimization_pass.cc:185] None of the MLIR Optimization Passes are enabled (registered 2)
# finished initialize MCMC in 21.261919975280762 sec
LossFun init with action <nthmc.U1d2 object at 0x7ff5ff1e5670>
-------- start epoch 0 @ 1631825308.833385 --------
beta: 3
# pre-training inference step with forced acceptance: 0
dfnorm2/v: 0.087817500562106923
dfnormInf: 0.98700447921662438
loss: 1.0748219797787313
V-old: 182.94008354197743
T-old: 60.393968978834465
V-prp: 181.19276339178518
T-prp: 62.141717644891067
dp2: 3.8150305435368539
force: 33.726906755480336 33.593195147104623 33.866893947582504 5.94143566730979 5.936053193071813 5.9466066940111464
coeff: [-0.0049675734925742161 -0.00076974670811258861]
lnJ: 0.0099553652874532442 0.0093667592902493112 0.010685659105489267
dH: 0.00042851586434267119
exp_mdH: 0.9995715759354673
accept: 1
plaqWoTrans: 0.056675211343386316 0.056675211343386316 0.056675211343386316
plaq: 0.056232036193277726 0.056232036193277726 0.056232036193277726
topo: [-2]
# pre-training inference step: 0
dfnorm2/v: 0.087805597729758558
dfnormInf: 0.99364110068712552
loss: 1.081446698416884
V-old: 181.19276339178518
T-old: 59.225995718232213
V-prp: 178.61863524763473
T-prp: 61.800326495561379
dp2: 3.768009490742652
force: 33.5495881678123 33.54220118648017 33.553723294184216 5.9582029511779346 5.9417821590554034 5.9711380217405212
coeff: [-0.0049673793410245125 -0.00076911059666864227]
lnJ: 0.011341376469126594 0.010685659105489267 0.012166234671355162
dH: 0.0002026331787305935
exp_mdH: 0.99979738734998536
accept: 1
plaqWoTrans: 0.070049995703789752 0.070049995703789752 0.070049995703789752
plaq: 0.069631242279655836 0.069631242279655836 0.069631242279655836
topo: [-2]
-------- done mixing epoch 0 in 26.191970109939575 sec, 13.095985054969788 sec/step --------
# training inference step: 0
V-old: 178.61863524763473
T-old: 60.994917602310935
V-prp: 178.81171214023814
T-prp: 60.80172657157339
dp2: 3.7920592182417838
force: 33.577178158407044 33.546840057688563 33.607289413149417 5.9698532415859855 5.9665759355250625 5.97243730740308
coeff: [-0.0049673412589511775 -0.00076893082058322965]
lnJ: 0.011789972773510479 0.011549405288711682 0.012166234671355162
dH: -0.00011413813413696516
exp_mdH: 1.0001141446481416
accept: 1
plaqWoTrans: 0.069056415207694691 0.069056415207694691 0.069056415207694691
plaq: 0.06862884611704767 0.06862884611704767 0.06862884611704767
topo: [-1]
# training step: 0
# forward time: 0.02429509162902832 sec backward time: 2.8888068199157715 sec max iter: 6
plaq_pre_update: 0.06862884611704767 0.06862884611704767 0.06862884611704767
weights_pre_update: [[[[[0.029889303540448789 0.0034916406285122534]]

  [[0.010215760955761729 0.016357887290037759]]]


 [[[0.033424394607070029 -0.014680346756194533]]

  [[0.043428626106131449 0.050132158027301622]]]


 [[[-0.038296047019467663 0.045756238089084494]]

  [[-0.010438518058390044 0.015809896669277127]]]], [0.015020334887308737 0.045194006831208861], [[[[0.014834440140171837 -0.036981480892005258]]

  [[0.018404119328454708 0.10844440611385063]]

  [[-0.039499493819473305 -0.061891445067775691]]]


 [[[-0.045555887383206123 -0.085249649249903928]]

  [[-0.012623062005486544 -0.034264668862193086]]

  [[0.06604344391338568 -0.0045601035762267731]]]


 [[[-0.037684074451700994 0.071122007826973033]]

  [[-0.0089164476882135739 0.070969258173938565]]

  [[-0.045680272164729252 -0.042350300264371976]]]], [0.015764640046288768 0.061673917640846024], [[[[-0.0079016291866570616 -0.023384162971557682]
   [-0.058107555139811078 0.011647805576611062]
   [-0.092655974093000734 0.016039776923552788]
   [0.092161192170479758 0.01127370545053533]]

  [[0.025035913389184372 0.023409938376579398]
   [-0.12144519078068761 -0.049131853439179723]
   [-0.012003839019740437 0.16929562213606161]
   [-0.0291152544898793 0.022903396527716387]]

  [[-0.072057225719364876 -0.22295569235243939]
   [0.02418543075797519 0.11030563764353406]
   [0.054375894176289054 -0.0810363197035939]
   [0.0058310862366578384 0.017121696288752163]]]


 [[[0.07074010505945548 -0.012105124892578038]
   [0.033110813387841824 -0.056001638224879184]
   [-0.10478399822311327 -0.0251476549253708]
   [0.031394645019988739 -0.029793637164717026]]

  [[0.13235160591340139 0.01082200694488461]
   [-0.093201723972258 -0.0355676709687796]
   [0.0017413506420133275 0.01081827814294146]
   [-0.092895543568887851 0.0335911648649045]]

  [[-0.16951899294065054 -0.018758529057076437]
   [0.13113214767968129 -0.00063683275494048745]
   [-0.018044775616558564 0.0017618202636677936]
   [0.049307485765613661 -0.0683513144012621]]]


 [[[-0.0076728147182336314 0.075179559956572647]
   [-0.014680330120366106 -0.019635388384382377]
   [0.097891822343783172 -0.02066341356132945]
   [-0.0573570071079491 0.020994057018868653]]

  [[-0.044471760820109965 0.0566382082685311]
   [0.049381915950682524 0.022973825956930746]
   [0.044208540512899346 -0.010069135714225227]
   [-0.030191762774704548 0.037883662802079193]]

  [[-0.061129006118344355 -0.013314196995091796]
   [0.061643297340779182 0.030214017772270948]
   [-0.0046896098886776627 -0.027048583663449585]
   [0.041495335832699431 0.028982964961029575]]]], [0.023115875474359823 0.0095492768313677357], [[[[-0.00089791112838125218 -0.0082311978886638552]
   [0.0035425585937442737 -0.084073156227661164]]

  [[-0.012384351171451993 -0.034012059005232922]
   [0.017934379448660224 0.0050034950895123508]]

  [[-0.096541062786023091 0.016113598285405303]
   [0.0089577305367061471 0.018540939874248333]]]


 [[[-0.025461386137562787 0.01252343672645969]
   [-0.02913612716356398 -0.0075641533194334854]]

  [[0.14023836557865585 -0.080903378539260121]
   [-0.027343099834360618 -0.064970746641628649]]

  [[0.018623302098747442 -0.01097933080683184]
   [-0.0669301765399923 -0.015845099998230538]]]


 [[[-0.010405517663306106 -0.003454244769284564]
   [-0.00076654606107560616 -0.035430094860220487]]

  [[-0.0227691452791228 -0.001828690884589786]
   [-0.058265483234933371 -0.059701775218241417]]

  [[0.032197094330803346 -0.0035945865389671004]
   [0.072628209929770163 0.090540702684546934]]]], [-0.046625659718844206 -0.004998818844183647]]
dfnorm2/v: 0.087987208885695181
dfnormInf: 0.99253729906089383
loss: 1.0805245079465891
plaqWoTrans: 0.069056415207694677 0.069056415207694677 0.069056415207694677
plaq: 0.06865018716703257 0.06865018716703257 0.06865018716703257
gradients: [[[[[-0.00073159050525698258 0.00053381071887963129]]

  [[0.0027375322073659343 -0.0033368887859534339]]]


 [[[4.6453801885572386e-06 0.00064552041635120244]]

  [[-0.00071229124810838983 0.0011499012597340149]]]


 [[[0.0041273544360908871 -0.0019036361302665009]]

  [[0.0052314328102654375 -0.00013755495632336985]]]], [0.0025133233817132487 -0.00044333076760531614], [[[[0.0035666421865710876 -0.001618560718375534]]

  [[0.0025279394593857281 -0.0010503533222798781]]

  [[-0.0027904491261607524 0.001597211678584154]]]


 [[[-0.0016254205425867423 -0.00038748354125118145]]

  [[-0.00044034803387120632 -0.00029672423871327934]]

  [[0.0027116752697863428 0.00033893071047227718]]]


 [[[-0.0012207895638861618 0.0014699516218571794]]

  [[0.0020563522504631403 -5.6057441164199555e-06]]

  [[-0.00041839504573095533 -0.0011548794242694936]]]], [0.00066303643932424461 -0.001054620323554061], [[[[-0.00078259125689186587 -0.00030029523827832867]
   [-0.00066530865619744434 -0.00022485643206535057]
   [-0.002057709295878203 -0.0013150438607887447]
   [-0.00065345394915791873 0.00061559016657325959]]

  [[-0.00065158032087169794 -0.00034846778302916189]
   [-0.00067191988642359 -0.00050971927383285684]
   [2.3008811791246645e-05 0.0019518406008606792]
   [0.0015236144514258205 0.0020285156352457564]]

  [[-0.00042861641487668074 0.00035083738854659854]
   [-0.00090460479217950411 -0.0016154437305875035]
   [0.00196274274579808 -0.00069427304979762688]
   [-0.00020272071623255784 -0.0031519645144479]]]


 [[[0.00022894611386382866 0.00078306786334610828]
   [-0.00093744870787021428 -0.0011614034268019964]
   [-0.00024017153513979062 0.00035539423545201539]
   [-4.7955661322182262e-05 -0.003256990542651386]]

  [[-0.0011805183819721815 -0.00032648678409869018]
   [5.9418097651119713e-05 -0.0021069424993059582]
   [-0.00024052323938017391 -0.0017962919198887908]
   [-0.0003217526970509749 -0.0028726186914038846]]

  [[-0.00083591522312612284 -0.0010251613421080998]
   [-0.00036040222456346115 -0.00155977636444778]
   [-0.0018357828524653229 -0.00085875042353277941]
   [-0.0037205847551920563 -6.9447272248770878e-05]]]


 [[[0.000828958148999512 -0.00073279916710300755]
   [-0.0003016784512393709 -0.00075355052784795422]
   [-0.0012172121222672554 -9.0880409032602924e-05]
   [-0.0033679542908749936 0.0011488390181416065]]

  [[0.00088548742502585112 -0.0011752688514907431]
   [-0.00075761278858507513 -0.00073215143152523515]
   [-0.00074174338810458515 0.00084229208561242765]
   [0.00053196157161639588 0.00078021800560742]]

  [[-0.00028619915273631156 -0.0006919869170295028]
   [-0.00046312337667904886 -0.001391173185087888]
   [0.00046746306094674883 0.0010720086132321304]
   [0.0013065066138014017 -0.0018318579775891217]]]], [-0.019109653518531354 -0.024410542020239574], [[[[7.629200146876331e-06 0.0040095730259599406]
   [0.00027895322540361013 0.003830431896682817]]

  [[-0.00044630036864264539 0.002339511277496595]
   [0.000808274491946226 0.0025987904513942264]]

  [[-0.001126832483076701 0.00077173787959049862]
   [-0.00057062416049325762 0.0032926770152834966]]]


 [[[0.0021929522666190777 0.002011325720856058]
   [-0.00014005570297223651 0.0022874107463716291]]

  [[-0.0015777978200762807 0.00226552221351435]
   [0.00040701386636112858 0.00014358773210392938]]

  [[0.00024254063587982787 0.0011808727248058997]
   [-0.00013394519889497873 0.00019010819636843212]]]


 [[[-0.0024507616677603428 0.0025358194930348347]
   [0.0016613951675272264 0.0033561125339492794]]

  [[0.00078322232509498856 0.0030114727153897191]
   [0.00064575066020945053 0.0028670146409882488]]

  [[0.0038190332915147415 0.002006172742281901]
   [0.002105017468693298 0.0029496432537359325]]]], [-0.015312913293599024 0.3222976145449194]]
weights: [[[[[0.030884999693965829 0.0024975297003328968]]

  [[0.0092169147392224121 0.017356940556157441]]]


 [[[0.032829418701690892 -0.015675471850040441]]

  [[0.044424206162723509 0.049134900498328707]]]


 [[[-0.039295281473125249 0.046754579703199475]]

  [[-0.011437913990745504 0.01678742400593377]]]], [0.014021591472500504 0.04618692435400306], [[[[0.013835325938994752 -0.035983430806452686]]

  [[0.017405368657106537 0.10944140449900329]]

  [[-0.038500625746931187 -0.06288946914077384]]]


 [[[-0.044557829084134519 -0.0842577442538552]]

  [[-0.011630192114695112 -0.033275213796813141]]

  [[0.065044608686282868 -0.0055508596517966271]]]


 [[[-0.036686658082749679 0.070124154455387361]]

  [[-0.0099149122776733857 0.071608596386214682]]

  [[-0.044687773583435633 -0.041353030945920154]]]], [0.014769386777777602 0.062670928134438336], [[[[-0.006905653681138893 -0.022394583815911223]
   [-0.057112285736400946 0.012633937034602903]
   [-0.091657508492470507 0.017037378030530976]
   [0.093156376165708155 0.010278816167597331]]

  [[0.026031083602673966 0.024400945171401497]
   [-0.12044987504902605 -0.04813801913898276]
   [-0.012883007425389946 0.16829723962998516]
   [-0.030113183312380526 0.021904952976017474]]

  [[-0.071064549558091245 -0.22394675934635763]
   [0.025181947204666606 0.11130368397399894]
   [0.05337750269995685 -0.080040853837188661]
   [0.0068157265995371624 0.018120694063328408]]]


 [[[0.0697537292410046 -0.013101102837741461]
   [0.034107451473649152 -0.055004353608636238]
   [-0.10379699389481391 -0.02613883544826914]
   [0.032332782305200931 -0.02879460710185577]]

  [[0.13334893438044598 0.011812414069669198]
   [-0.094151192249648449 -0.034569169566359449]
   [0.0027283737266557842 0.011816520825269164]
   [-0.091905276215218337 0.034590065281317826]]

  [[-0.16852276167266084 -0.017761604206962094]
   [0.13212344968880949 0.00036114398976009373]
   [-0.017046495195209978 0.0027581513803233665]
   [0.050306636588359294 -0.06739486643864176]]]


 [[[-0.0086690144767483518 0.076175263178329927]
   [-0.013690703679989147 -0.018639567330631313]
   [0.098889231138862888 -0.0196970397062962]
   [-0.056357945117052104 0.019996802018727264]]

  [[-0.045468202324702264 0.057635524834546904]
   [0.050377759318731882 0.023969525393627594]
   [0.045204295327441781 -0.011065395408335987]
   [-0.031185853352737915 0.036887699488914315]]

  [[-0.060139934610771176 -0.012318746040218854]
   [0.062636515498249321 0.031211749859004712]
   [-0.0056828905826450263 -0.028045642505847443]
   [0.040497750363526749 0.029981241704316638]]]], [0.024115710067525612 0.010549147349231918], [[[[-0.0016048751099767505 -0.0092304098706868145]
   [0.0025537677775885077 -0.085072331383945182]]

  [[-0.011391386854398193 -0.035010709185552907]
   [0.016938276560135863 0.0040047103977387177]]

  [[-0.095543861245403733 0.015117679148273449]
   [0.0099522193036214249 0.017541899308651087]]]


 [[[-0.0264599462336943 0.011525006456562042]
   [-0.028158207428214867 -0.0085627727961716457]]

  [[0.14123636538710177 -0.08190198469609053]
   [-0.028335390272081266 -0.065949197813364391]]

  [[0.017636172463975426 -0.011976660073392794]
   [-0.065953240863432447 -0.016828738012934736]]]


 [[[-0.0094068062857964787 -0.0044529993182210389]
   [-0.001764646325457989 -0.036429153544380526]]

  [[-0.023765124014307977 -0.0028276419499872357]
   [-0.059260610058484507 -0.060700673487613578]]

  [[0.031197921634521453 -0.0045930127831397306]
   [0.071629709895799559 0.089541773584022349]]]], [-0.045625866140565859 -0.0059988090800442845]]
-------- done training epoch 0 in 17.426201105117798 sec, 17.426201105117798 sec/step --------
# forward time: 0.018465995788574219 sec backward time: 2.4123330116271973 sec max iter: 6
finalWeightsAll: [0.01,
 array([[[[ 0.030885  ,  0.00249753]],

        [[ 0.00921691,  0.01735694]]],


       [[[ 0.03282942, -0.01567547]],

        [[ 0.04442421,  0.0491349 ]]],


       [[[-0.03929528,  0.04675458]],

        [[-0.01143791,  0.01678742]]]]),
 array([0.01402159, 0.04618692]),
 array([[[[ 0.01383533, -0.03598343]],

        [[ 0.01740537,  0.1094414 ]],

        [[-0.03850063, -0.06288947]]],


       [[[-0.04455783, -0.08425774]],

        [[-0.01163019, -0.03327521]],

        [[ 0.06504461, -0.00555086]]],


       [[[-0.03668666,  0.07012415]],

        [[-0.00991491,  0.0716086 ]],

        [[-0.04468777, -0.04135303]]]]),
 array([0.01476939, 0.06267093]),
 array([[[[-0.00690565, -0.02239458],
         [-0.05711229,  0.01263394],
         [-0.09165751,  0.01703738],
         [ 0.09315638,  0.01027882]],

        [[ 0.02603108,  0.02440095],
         [-0.12044988, -0.04813802],
         [-0.01288301,  0.16829724],
         [-0.03011318,  0.02190495]],

        [[-0.07106455, -0.22394676],
         [ 0.02518195,  0.11130368],
         [ 0.0533775 , -0.08004085],
         [ 0.00681573,  0.01812069]]],


       [[[ 0.06975373, -0.0131011 ],
         [ 0.03410745, -0.05500435],
         [-0.10379699, -0.02613884],
         [ 0.03233278, -0.02879461]],

        [[ 0.13334893,  0.01181241],
         [-0.09415119, -0.03456917],
         [ 0.00272837,  0.01181652],
         [-0.09190528,  0.03459007]],

        [[-0.16852276, -0.0177616 ],
         [ 0.13212345,  0.00036114],
         [-0.0170465 ,  0.00275815],
         [ 0.05030664, -0.06739487]]],


       [[[-0.00866901,  0.07617526],
         [-0.0136907 , -0.01863957],
         [ 0.09888923, -0.01969704],
         [-0.05635795,  0.0199968 ]],

        [[-0.0454682 ,  0.05763552],
         [ 0.05037776,  0.02396953],
         [ 0.0452043 , -0.0110654 ],
         [-0.03118585,  0.0368877 ]],

        [[-0.06013993, -0.01231875],
         [ 0.06263652,  0.03121175],
         [-0.00568289, -0.02804564],
         [ 0.04049775,  0.02998124]]]]),
 array([0.02411571, 0.01054915]),
 array([[[[-0.00160488, -0.00923041],
         [ 0.00255377, -0.08507233]],

        [[-0.01139139, -0.03501071],
         [ 0.01693828,  0.00400471]],

        [[-0.09554386,  0.01511768],
         [ 0.00995222,  0.0175419 ]]],


       [[[-0.02645995,  0.01152501],
         [-0.02815821, -0.00856277]],

        [[ 0.14123637, -0.08190198],
         [-0.02833539, -0.0659492 ]],

        [[ 0.01763617, -0.01197666],
         [-0.06595324, -0.01682874]]],


       [[[-0.00940681, -0.004453  ],
         [-0.00176465, -0.03642915]],

        [[-0.02376512, -0.00282764],
         [-0.05926061, -0.06070067]],

        [[ 0.03119792, -0.00459301],
         [ 0.07162971,  0.08954177]]]]),
 array([-0.04562587, -0.00599881]),
 3.0]
