2021-09-17 11:47:33.346507: I tensorflow/core/platform/cpu_feature_guard.cc:142] This TensorFlow binary is optimized with oneAPI Deep Neural Network Library (oneDNN) to use the following CPU instructions in performance-critical operations:  AVX2 FMA
To enable them in other operations, rebuild TensorFlow with the appropriate compiler flags.
GenericStoutSmear T: (0, 0) : (2, 2)
Dependent links forms 7 x 8 plaquettes.
LeapFrog init with dt 0.01 step/traj 4
Metropolis init with conf <nthmc.Conf object at 0x147dd0910>
2021-09-17 11:47:44.383015: I tensorflow/compiler/mlir/mlir_graph_optimization_pass.cc:185] None of the MLIR Optimization Passes are enabled (registered 2)
# finished initialize MCMC in 12.240453958511353 sec
LossFun init with action <nthmc.U1d2 object at 0x148f1b5b0>
-------- start epoch 0 @ 1631897266.022532 --------
beta: 3
# pre-training inference step with forced acceptance: 0
dfnorm2/v: 0.087817500562106923
dfnormInf: 0.98700447921662438
loss: 1.0748219797787313
V-old: 182.9400835419774
T-old: 60.393968978834479
V-prp: 181.19276339178521
T-prp: 62.141717644891067
dp2: 3.8150305435368539
force: 33.726906755480329 33.593195147104623 33.866893947582504 5.94143566730979 5.936053193071813 5.9466066940111464
coeff: [-0.0049675734925742161 -0.00076974670811258861]
lnJ: 0.0099553652874532442 0.00936675929024931 0.010685659105489263
dH: 0.0004285158643710929
exp_mdH: 0.99957157593543888
accept: 1
plaqWoTrans: 0.056675211343386336 0.056675211343386336 0.056675211343386336
plaq: 0.056232036193277726 0.056232036193277726 0.056232036193277726
topo: [-2]
# pre-training inference step: 0
dfnorm2/v: 0.087805597729758558
dfnormInf: 0.99364110068712552
loss: 1.081446698416884
V-old: 181.19276339178521
T-old: 59.225995718232205
V-prp: 178.61863524763473
T-prp: 61.800326495561379
dp2: 3.768009490742652
force: 33.5495881678123 33.542201186480163 33.553723294184216 5.9582029511779346 5.9417821590554034 5.9711380217405212
coeff: [-0.0049673793410245125 -0.000769110596668642]
lnJ: 0.011341376469126592 0.010685659105489263 0.01216623467135516
dH: 0.00020263317870217179
exp_mdH: 0.99979738735001378
accept: 1
plaqWoTrans: 0.070049995703789752 0.070049995703789752 0.070049995703789752
plaq: 0.069631242279655836 0.069631242279655836 0.069631242279655836
topo: [-2]
-------- done mixing epoch 0 in 15.840128898620605 sec, 7.9200644493103027 sec/step --------
# training inference step: 0
V-old: 178.61863524763473
T-old: 60.994917602310935
V-prp: 178.81171214023814
T-prp: 60.801726571573383
dp2: 3.7920592182417838
force: 33.577178158407037 33.546840057688563 33.607289413149417 5.9698532415859855 5.9665759355250625 5.97243730740308
coeff: [-0.0049673412589511766 -0.00076893082058322965]
lnJ: 0.011789972773510475 0.011549405288711682 0.01216623467135516
dH: -0.00011413813416538687
exp_mdH: 1.00011414464817
accept: 1
plaqWoTrans: 0.069056415207694663 0.069056415207694663 0.069056415207694663
plaq: 0.06862884611704767 0.06862884611704767 0.06862884611704767
topo: [-1]
# training step: 0
# forward time: 0.0116119384765625 sec backward time: 1.6010980606079102 sec max iter: 6
plaq_pre_update: 0.06862884611704767 0.06862884611704767 0.06862884611704767
weights_pre_update: [[[[[0.029889303540448789 0.0034916406285122534]]

  [[0.010215760955761729 0.016357887290037759]]]


 [[[0.033424394607070029 -0.014680346756194529]]

  [[0.043428626106131449 0.050132158027301636]]]


 [[[-0.038296047019467663 0.045756238089084494]]

  [[-0.010438518058390044 0.015809896669277127]]]], [0.015020334887308737 0.045194006831208861], [[[[0.014834440140171837 -0.036981480892005258]]

  [[0.018404119328454708 0.10844440611385063]]

  [[-0.039499493819473305 -0.061891445067775691]]]


 [[[-0.045555887383206123 -0.085249649249903928]]

  [[-0.012623062005486544 -0.034264668862193086]]

  [[0.06604344391338568 -0.0045601035762267731]]]


 [[[-0.037684074451700994 0.071122007826973033]]

  [[-0.0089164476882135739 0.070969258173938565]]

  [[-0.045680272164729252 -0.042350300264371976]]]], [0.015764640046288768 0.061673917640846024], [[[[-0.0079016291866570616 -0.023384162971557682]
   [-0.058107555139811078 0.011647805576611062]
   [-0.092655974093000734 0.016039776923552788]
   [0.092161192170479758 0.01127370545053533]]

  [[0.025035913389184372 0.023409938376579398]
   [-0.12144519078068761 -0.049131853439179723]
   [-0.012003839019740437 0.16929562213606161]
   [-0.0291152544898793 0.022903396527716387]]

  [[-0.072057225719364876 -0.22295569235243939]
   [0.02418543075797519 0.11030563764353406]
   [0.054375894176289054 -0.0810363197035939]
   [0.0058310862366578384 0.017121696288752163]]]


 [[[0.07074010505945548 -0.012105124892578038]
   [0.033110813387841824 -0.056001638224879184]
   [-0.10478399822311327 -0.0251476549253708]
   [0.031394645019988739 -0.029793637164717026]]

  [[0.13235160591340139 0.01082200694488461]
   [-0.093201723972258 -0.0355676709687796]
   [0.0017413506420133275 0.01081827814294146]
   [-0.092895543568887851 0.0335911648649045]]

  [[-0.16951899294065054 -0.018758529057076437]
   [0.13113214767968129 -0.00063683275494048745]
   [-0.018044775616558564 0.0017618202636677936]
   [0.049307485765613661 -0.0683513144012621]]]


 [[[-0.0076728147182336314 0.075179559956572647]
   [-0.014680330120366106 -0.019635388384382377]
   [0.097891822343783172 -0.02066341356132945]
   [-0.0573570071079491 0.020994057018868653]]

  [[-0.044471760820109965 0.0566382082685311]
   [0.049381915950682524 0.022973825956930746]
   [0.044208540512899346 -0.010069135714225227]
   [-0.030191762774704548 0.037883662802079193]]

  [[-0.061129006118344355 -0.013314196995091796]
   [0.061643297340779182 0.030214017772270948]
   [-0.0046896098886776627 -0.027048583663449585]
   [0.041495335832699431 0.028982964961029575]]]], [0.023115875474359823 0.0095492768313677357], [[[[-0.00089791112838125218 -0.0082311978886638552]
   [0.0035425585937442746 -0.084073156227661164]]

  [[-0.012384351171451993 -0.034012059005232922]
   [0.017934379448660224 0.0050034950895123508]]

  [[-0.096541062786023091 0.016113598285405303]
   [0.0089577305367061471 0.018540939874248333]]]


 [[[-0.025461386137562787 0.01252343672645969]
   [-0.02913612716356398 -0.0075641533194334854]]

  [[0.14023836557865582 -0.080903378539260121]
   [-0.027343099834360618 -0.064970746641628649]]

  [[0.018623302098747439 -0.01097933080683184]
   [-0.0669301765399923 -0.015845099998230538]]]


 [[[-0.010405517663306106 -0.0034542447692845635]
   [-0.00076654606107560616 -0.035430094860220487]]

  [[-0.0227691452791228 -0.001828690884589786]
   [-0.058265483234933371 -0.059701775218241417]]

  [[0.032197094330803346 -0.0035945865389671004]
   [0.072628209929770163 0.090540702684546934]]]], [-0.046625659718844206 -0.004998818844183647]]
dfnorm2/v: 0.087987208885695167
dfnormInf: 0.99253729906089383
loss: 1.0805245079465891
plaqWoTrans: 0.069056415207694649 0.069056415207694649 0.069056415207694649
plaq: 0.068650187167032556 0.068650187167032556 0.068650187167032556
gradients: [[[[[-0.00073159050525698367 0.00053381071887963108]]

  [[0.0027375322073659347 -0.0033368887859534331]]]


 [[[4.6453801885568049e-06 0.00064552041635120212]]

  [[-0.00071229124810839048 0.0011499012597340136]]]


 [[[0.0041273544360908871 -0.0019036361302665009]]

  [[0.0052314328102654375 -0.00013755495632336985]]]], [0.0025133233817132483 -0.00044333076760531695], [[[[0.0035666421865710876 -0.0016185607183755331]]

  [[0.0025279394593857281 -0.0010503533222798781]]

  [[-0.0027904491261607524 0.0015972116785841536]]]


 [[[-0.0016254205425867421 -0.00038748354125118188]]

  [[-0.00044034803387120675 -0.00029672423871327912]]

  [[0.0027116752697863428 0.00033893071047227745]]]


 [[[-0.0012207895638861629 0.0014699516218571788]]

  [[0.0020563522504631407 -5.6057441164200639e-06]]

  [[-0.00041839504573095484 -0.0011548794242694934]]]], [0.0006630364393242445 -0.0010546203235540605], [[[[-0.000782591256891866 -0.0003002952382783285]
   [-0.00066530865619744434 -0.00022485643206535035]
   [-0.002057709295878203 -0.0013150438607887444]
   [-0.00065345394915791851 0.0006155901665732598]]

  [[-0.00065158032087169826 -0.00034846778302916211]
   [-0.00067191988642359012 -0.00050971927383285673]
   [2.3008811791246726e-05 0.0019518406008606792]
   [0.0015236144514258203 0.0020285156352457573]]

  [[-0.00042861641487668058 0.00035083738854659876]
   [-0.00090460479217950454 -0.0016154437305875037]
   [0.0019627427457980804 -0.000694273049797627]
   [-0.00020272071623255784 -0.0031519645144479]]]


 [[[0.00022894611386382871 0.00078306786334610828]
   [-0.00093744870787021439 -0.0011614034268019962]
   [-0.00024017153513979095 0.00035539423545201529]
   [-4.7955661322181937e-05 -0.003256990542651386]]

  [[-0.0011805183819721817 -0.00032648678409868997]
   [5.941809765111993e-05 -0.0021069424993059582]
   [-0.00024052323938017375 -0.0017962919198887912]
   [-0.00032175269705097403 -0.0028726186914038833]]

  [[-0.00083591522312612273 -0.0010251613421080998]
   [-0.00036040222456346148 -0.0015597763644477802]
   [-0.0018357828524653225 -0.00085875042353277952]
   [-0.0037205847551920563 -6.9447272248770878e-05]]]


 [[[0.00082895814899951214 -0.00073279916710300712]
   [-0.00030167845123937079 -0.00075355052784795422]
   [-0.0012172121222672552 -9.0880409032602274e-05]
   [-0.0033679542908749936 0.0011488390181416063]]

  [[0.0008854874250258509 -0.0011752688514907431]
   [-0.0007576127885850748 -0.0007321514315252358]
   [-0.00074174338810458569 0.00084229208561242732]
   [0.00053196157161639653 0.00078021800560741953]]

  [[-0.00028619915273631156 -0.0006919869170295028]
   [-0.00046312337667904876 -0.001391173185087888]
   [0.00046746306094674862 0.0010720086132321302]
   [0.0013065066138014021 -0.0018318579775891204]]]], [-0.019109653518531351 -0.024410542020239578], [[[[7.6292001468762768e-06 0.0040095730259599414]
   [0.00027895322540361035 0.0038304318966828144]]

  [[-0.00044630036864264566 0.0023395112774965959]
   [0.00080827449194622615 0.0025987904513942259]]

  [[-0.0011268324830767014 0.00077173787959049851]
   [-0.00057062416049325783 0.0032926770152834958]]]


 [[[0.0021929522666190781 0.00201132572085606]
   [-0.00014005570297223672 0.0022874107463716296]]

  [[-0.00157779782007628 0.0022655222135143488]
   [0.00040701386636112879 0.00014358773210392992]]

  [[0.00024254063587982838 0.0011808727248058999]
   [-0.00013394519889497824 0.00019010819636843231]]]


 [[[-0.0024507616677603423 0.0025358194930348347]
   [0.001661395167527226 0.0033561125339492807]]

  [[0.00078322232509498812 0.0030114727153897191]
   [0.00064575066020945053 0.0028670146409882497]]

  [[0.0038190332915147424 0.002006172742281901]
   [0.0021050174686932975 0.0029496432537359325]]]], [-0.015312913293599024 0.32229761454491934]]
weights: [[[[[0.030884999693965829 0.0024975297003328968]]

  [[0.0092169147392224121 0.017356940556157441]]]


 [[[0.032829418701690913 -0.015675471850040437]]

  [[0.044424206162723509 0.049134900498328721]]]


 [[[-0.039295281473125249 0.046754579703199475]]

  [[-0.011437913990745504 0.01678742400593377]]]], [0.014021591472500504 0.04618692435400306], [[[[0.013835325938994752 -0.035983430806452686]]

  [[0.017405368657106537 0.10944140449900329]]

  [[-0.038500625746931187 -0.06288946914077384]]]


 [[[-0.044557829084134519 -0.0842577442538552]]

  [[-0.011630192114695114 -0.033275213796813141]]

  [[0.065044608686282868 -0.0055508596517966271]]]


 [[[-0.036686658082749679 0.070124154455387361]]

  [[-0.009914912277673384 0.071608596386214682]]

  [[-0.044687773583435633 -0.041353030945920154]]]], [0.014769386777777602 0.062670928134438336], [[[[-0.006905653681138893 -0.022394583815911223]
   [-0.057112285736400946 0.012633937034602903]
   [-0.091657508492470507 0.017037378030530976]
   [0.093156376165708155 0.010278816167597331]]

  [[0.026031083602673966 0.024400945171401497]
   [-0.12044987504902605 -0.04813801913898276]
   [-0.012883007425389946 0.16829723962998516]
   [-0.030113183312380526 0.021904952976017474]]

  [[-0.071064549558091245 -0.22394675934635763]
   [0.025181947204666606 0.11130368397399894]
   [0.05337750269995685 -0.080040853837188661]
   [0.0068157265995371624 0.018120694063328408]]]


 [[[0.0697537292410046 -0.013101102837741461]
   [0.034107451473649152 -0.055004353608636238]
   [-0.10379699389481391 -0.02613883544826914]
   [0.032332782305200931 -0.02879460710185577]]

  [[0.13334893438044598 0.011812414069669198]
   [-0.094151192249648449 -0.034569169566359449]
   [0.0027283737266557842 0.011816520825269164]
   [-0.091905276215218337 0.034590065281317826]]

  [[-0.16852276167266084 -0.017761604206962094]
   [0.13212344968880949 0.00036114398976009395]
   [-0.017046495195209978 0.002758151380323366]
   [0.050306636588359294 -0.06739486643864176]]]


 [[[-0.0086690144767483518 0.076175263178329927]
   [-0.013690703679989147 -0.018639567330631313]
   [0.098889231138862888 -0.0196970397062962]
   [-0.056357945117052104 0.019996802018727264]]

  [[-0.045468202324702264 0.057635524834546904]
   [0.050377759318731882 0.023969525393627594]
   [0.045204295327441781 -0.011065395408335987]
   [-0.031185853352737915 0.036887699488914315]]

  [[-0.060139934610771176 -0.012318746040218854]
   [0.062636515498249321 0.031211749859004712]
   [-0.0056828905826450263 -0.028045642505847443]
   [0.040497750363526749 0.029981241704316638]]]], [0.024115710067525612 0.010549147349231918], [[[[-0.001604875109976749 -0.0092304098706868145]
   [0.0025537677775885085 -0.085072331383945182]]

  [[-0.011391386854398193 -0.035010709185552907]
   [0.016938276560135863 0.0040047103977387177]]

  [[-0.095543861245403733 0.015117679148273449]
   [0.0099522193036214249 0.017541899308651087]]]


 [[[-0.0264599462336943 0.011525006456562042]
   [-0.028158207428214867 -0.0085627727961716457]]

  [[0.14123636538710174 -0.08190198469609053]
   [-0.028335390272081266 -0.065949197813364391]]

  [[0.017636172463975423 -0.011976660073392794]
   [-0.065953240863432447 -0.016828738012934736]]]


 [[[-0.00940680628579648 -0.0044529993182210381]
   [-0.0017646463254579895 -0.036429153544380526]]

  [[-0.023765124014307977 -0.0028276419499872357]
   [-0.059260610058484507 -0.060700673487613578]]

  [[0.031197921634521453 -0.0045930127831397306]
   [0.071629709895799559 0.089541773584022349]]]], [-0.045625866140565859 -0.0059988090800442845]]
-------- done training epoch 0 in 9.77878999710083 sec, 9.77878999710083 sec/step --------
# forward time: 0.012147188186645508 sec backward time: 1.3576161861419678 sec max iter: 6
finalWeightsAll: [0.01,
 array([[[[ 0.030885  ,  0.00249753]],

        [[ 0.00921691,  0.01735694]]],


       [[[ 0.03282942, -0.01567547]],

        [[ 0.04442421,  0.0491349 ]]],


       [[[-0.03929528,  0.04675458]],

        [[-0.01143791,  0.01678742]]]]),
 array([0.01402159, 0.04618692]),
 array([[[[ 0.01383533, -0.03598343]],

        [[ 0.01740537,  0.1094414 ]],

        [[-0.03850063, -0.06288947]]],


       [[[-0.04455783, -0.08425774]],

        [[-0.01163019, -0.03327521]],

        [[ 0.06504461, -0.00555086]]],


       [[[-0.03668666,  0.07012415]],

        [[-0.00991491,  0.0716086 ]],

        [[-0.04468777, -0.04135303]]]]),
 array([0.01476939, 0.06267093]),
 array([[[[-0.00690565, -0.02239458],
         [-0.05711229,  0.01263394],
         [-0.09165751,  0.01703738],
         [ 0.09315638,  0.01027882]],

        [[ 0.02603108,  0.02440095],
         [-0.12044988, -0.04813802],
         [-0.01288301,  0.16829724],
         [-0.03011318,  0.02190495]],

        [[-0.07106455, -0.22394676],
         [ 0.02518195,  0.11130368],
         [ 0.0533775 , -0.08004085],
         [ 0.00681573,  0.01812069]]],


       [[[ 0.06975373, -0.0131011 ],
         [ 0.03410745, -0.05500435],
         [-0.10379699, -0.02613884],
         [ 0.03233278, -0.02879461]],

        [[ 0.13334893,  0.01181241],
         [-0.09415119, -0.03456917],
         [ 0.00272837,  0.01181652],
         [-0.09190528,  0.03459007]],

        [[-0.16852276, -0.0177616 ],
         [ 0.13212345,  0.00036114],
         [-0.0170465 ,  0.00275815],
         [ 0.05030664, -0.06739487]]],


       [[[-0.00866901,  0.07617526],
         [-0.0136907 , -0.01863957],
         [ 0.09888923, -0.01969704],
         [-0.05635795,  0.0199968 ]],

        [[-0.0454682 ,  0.05763552],
         [ 0.05037776,  0.02396953],
         [ 0.0452043 , -0.0110654 ],
         [-0.03118585,  0.0368877 ]],

        [[-0.06013993, -0.01231875],
         [ 0.06263652,  0.03121175],
         [-0.00568289, -0.02804564],
         [ 0.04049775,  0.02998124]]]]),
 array([0.02411571, 0.01054915]),
 array([[[[-0.00160488, -0.00923041],
         [ 0.00255377, -0.08507233]],

        [[-0.01139139, -0.03501071],
         [ 0.01693828,  0.00400471]],

        [[-0.09554386,  0.01511768],
         [ 0.00995222,  0.0175419 ]]],


       [[[-0.02645995,  0.01152501],
         [-0.02815821, -0.00856277]],

        [[ 0.14123637, -0.08190198],
         [-0.02833539, -0.0659492 ]],

        [[ 0.01763617, -0.01197666],
         [-0.06595324, -0.01682874]]],


       [[[-0.00940681, -0.004453  ],
         [-0.00176465, -0.03642915]],

        [[-0.02376512, -0.00282764],
         [-0.05926061, -0.06070067]],

        [[ 0.03119792, -0.00459301],
         [ 0.07162971,  0.08954177]]]]),
 array([-0.04562587, -0.00599881]),
 3.0]
