WARNING:root:Limited tf.compat.v2.summary API due to missing TensorBoard installation.
WARNING:root:Limited tf.compat.v2.summary API due to missing TensorBoard installation.
WARNING:root:Limited tf.compat.v2.summary API due to missing TensorBoard installation.
WARNING:root:Limited tf.summary API due to missing TensorBoard installation.
2022-01-21 05:57:40.826948: I tensorflow/core/common_runtime/gpu/gpu_device.cc:1510] Created device /job:localhost/replica:0/task:0/device:GPU:0 with 14648 MB memory:  -> device: 0, name: Tesla V100-SXM2-16GB, pci bus id: 0004:04:00.0, compute capability: 7.0
NTHMC 2022-01-21 05:57:39.851963
Python 3.8.11 (default, Aug 25 2021, 19:21:08) 
[GCC 8.4.0]
TensorFlow 2.6.0 unknown 8.4.0
Device PhysicalDevice(name='/physical_device:CPU:0', device_type='CPU') PhysicalDevice(name='/physical_device:GPU:0', device_type='GPU')
RandomSeed 9876543211
2022-01-21 05:57:41.422092: I tensorflow/core/util/cuda_solvers.cc:180] Creating CudaSolver handles for stream 0x15022c10
g [[0 -1.8720405388140926 0.89850078055355942]
 [1.8720405388140926 0 0.33724912846578992]
 [-0.89850078055355942 -0.33724912846578992 0]] [[1.0991116068715172 2.6535714506168482 0.76872851556688893]
 [2.6535714506168482 -0.17999678559372168 -1.5025422533996939]
 [0.76872851556688893 -1.5025422533996939 -0.91911482127779531]]
geig [3.3483272537935292e-17 -2.5608991833216252e-16 2.2260664579422713e-16] [-0.6017250654457823 -3.583290968858166 4.1850160343039464]
f [[0 -1.872040538814093 0.89850078055355964]
 [1.872040538814093 0 0.33724912846578997]
 [-0.89850078055355964 -0.33724912846578997 0]] [[1.0991116068715177 2.6535714506168482 0.76872851556688893]
 [2.6535714506168482 -0.1799967855937219 -1.5025422533996946]
 [0.76872851556688893 -1.5025422533996946 -0.91911482127779509]]
feig [-1.9693355793333974e-16 3.3105066003421388e-17 1.6382849192991783e-16] [-0.601725065445782 -3.5832909688581651 4.1850160343039464]
expfeig [0.82436034213519738 -0.90340086096607286 -0.49786602386418616] [-0.56606539049345561 0.4299035274554337 -0.88201242674007785]
x0R [[-0.16643709452951169 0.5494028426247578 -0.45497908619686511]
 [-0.33056824288159448 -0.091859610136856243 0.19505022611187584]
 [0.28910927203925224 0.45975308167008366 0.7042966237782049]]
x0I [[0.16266402619584633 0.54747352574904906 -0.370489398484674]
 [0.85028342419361735 -0.25749381527117493 -0.2344288628903326]
 [0.1731983611556849 0.33513445978770851 0.25825650041422027]]
[0.0029258315224965806 0.0029419807862768287 -0.0080719177678029354] [-0.0011141067610500371 -0.00474464360698273 -0.0025118749905790497]
[-0.00084618738572060051 0.0060390031971734627 -0.0066683727030078825] [-0.00017932448162235508 0.0010634280406292796 0.0034339235895274743]
[-0.001919831625465603 -0.002568764026692049 -0.0043160336726278427] [-0.0011628261073685598 -0.0020774858986962936 0.0027757307035943973]
[0.0016838257720074923 0.00075364094578179509 0.0028300125720849855] [0.0017578700498894258 -0.0014821485236629732 0.0017549404520368721]
[-0.0033298307018967081 -0.0038205759200698277 -0.0013463475150523286] [0.003453652408278645 0.0015103621700358818 -0.0023958555350897591]
[0.0020900081528804058 -0.00027626099336885935 0.007207133031906769] [0.00082831685657179836 -0.0037652656880608967 -0.0015196146531432544]
p0R [[0 0.24861770020711116 -1.65077256224928]
 [-0.24861770020711116 0 -0.072575519153086757]
 [1.65077256224928 0.072575519153086757 0]]
p0I [[-0.64571947051617007 0.28089812348277005 -0.18956500563228937]
 [0.28089812348277005 1.0793277877515857 -0.7675695535779069]
 [-0.18956500563228937 -0.7675695535779069 -0.43360831723541554]]
H0 [147723.9001881791 147262.704907462 147777.77938999209] [147441.16062451381 147380.57566644385 147710.74316831536] [282.73956366529887 -117.87075898184946 67.036221676750316]
LeapFrog init with dt 0.03125 step/traj 128
# MD time: 5.4307971000671387 sec
x1R [[-0.031862087849702479 -0.326419291274314 0.29694628166841963]
 [0.46951851669799405 -0.47788543334408029 -0.60522832623235712]
 [0.7087429548039309 0.086610645614701678 0.069992822704665655]]
x1I [[0.093526790615571093 -0.6767112538933725 0.58101013565714976]
 [0.1115933108419373 0.24567353330713593 0.33476558396728173]
 [-0.50499531311077472 -0.37320362918139582 -0.30163191103365261]]
[0.25552792734332497 0.24615254039124487 0.25241486670549568] [0.00028158602802604862 -0.0039949393850001822 0.0019434408375743051]
[0.24336703466721779 0.24996429726164618 0.2450188009462351] [0.0025836628824824639 -0.0025029853915492176 -0.0011581697267799861]
[0.24773042448646354 0.24320959621276148 0.24260292214073451] [-0.00029858790636952604 -0.0021562423180385049 -0.00075816378840516023]
[0.23918399772630128 0.24975668409622254 0.24587883326782792] [0.00022323748265295237 -0.0012047771559320849 -0.0072688883250240236]
[0.24731122139763664 0.24323132061969685 0.24269042073439781] [-0.003525940961535098 0.000994042843030447 -0.001086538032288537]
[0.24868431056952645 0.24401087578257666 0.24587571720219814] [-2.373414214156596e-05 0.0031636908209595736 -0.00048856241882009113]
p1R [[-0 0.45537889240894885 0.076237386082158118]
 [-0.45537889240894885 -0 -0.37897477163897275]
 [-0.076237386082158118 0.37897477163897275 -0]]
p1I [[1.1155809417551839 0.15094625960119526 0.73849914928562121]
 [0.15094625960119526 -1.903815031306985 -0.37910850683564434]
 [0.73849914928562121 -0.37910850683564434 0.78823408955179908]]
H1 [147740.13774723123 147278.24473127921 147794.18219651817] [111039.16237970299 111173.82907418669 111219.14115694046] [36700.975367528234 36104.4156570925 36575.041039577714]
dH [16.237559052126016 15.539823817205615 16.402806526079075]
Omelyan2MN init with dt 0.03125 step/traj 64
# MD time: 5.3904979228973389 sec
x1R [[-0.0747241402788836 0.66114201692967756 -0.50260775792451151]
 [0.21964417454985624 -0.32425636179368583 -0.65636409128660211]
 [-0.86486031495224924 -0.36994293939503509 -0.0932501290689308]]
x1I [[0.13124300289237031 -0.23081627242915059 -0.48393398367704893]
 [-0.39803116929055865 0.48868117734273048 -0.13624361737805593]
 [-0.15011941090869152 -0.16972278035394506 -0.23477992021984781]]
[0.24676447929416098 0.23888458779754265 0.24999817018736245] [5.5560261593703876e-05 0.0029186633173831958 0.0020704401830847815]
[0.24430206204292002 0.238825828807001 0.25019478740861367] [0.0035137038282969661 0.002812329306420358 -0.00095878542534740679]
[0.25109332922396316 0.25220310477733621 0.23909492632584395] [0.00061471654034363536 -0.0012013796228676171 0.0013688398372510805]
[0.24415662563828144 0.25072888588646808 0.24532663009804012] [-0.0018208930659579369 0.00021742259602954253 -0.0034887434905819946]
[0.24141698239097276 0.24507992239279361 0.24372243528150592] [0.001353466506611418 0.0021224024953811435 -0.0048905088702470151]
[0.24815094683125036 0.24283859450836998 0.23641362341207098] [-0.0036579501176821003 -0.0034856774399583553 0.0026948540340235466]
p1R [[-0 -1.4329070002668967 -0.32138829853403467]
 [1.4329070002668967 -0 -0.83038629400685759]
 [0.32138829853403467 0.83038629400685759 -0]]
p1I [[-0.84945438930522976 -1.3165642089762168 -1.5405738810191012]
 [-1.3165642089762168 -0.31650065640830177 0.1317574609548294]
 [-1.5405738810191012 0.1317574609548294 1.1659550457135328]]
H1 [147719.45398304367 147258.29621699595 147773.33718634697] [111184.66436084002 111364.64672761009 111458.28992499458] [36534.789622203658 35893.649489385862 36315.047261352396]
dH [-4.446205135434866 -4.4086904660507571 -4.4422036451287568]
Metropolis init with conf <nthmc.Conf object at 0x7ffa82cf8fa0>
2022-01-21 05:58:00.611257: I tensorflow/compiler/mlir/mlir_graph_optimization_pass.cc:185] None of the MLIR Optimization Passes are enabled (registered 2)
# mcmc step 0 time: 13.881414890289307 sec
V-old: 111335.86700448157 111184.66436084002 111458.28992499458
T-old: -7.5387675682306394 -214.64708944164246 255.83663358835543
V-prp: 95969.956977163209 95778.5583761053 96209.970124567335
T-prp: 15356.269936933661 14758.025674824119 15697.024939964635
dp2: 2.207580307756654 2.1982863112339484 2.213235279949914
force: 832.92025335033793 791.1975499442633 850.52891182116184 7.7345879360553882 7.0882445286162321 9.0061126710035353
lnJ: 0 0 0
dH: -2.1013228164714142 -2.1665060256491415 -2.0214720069197938
exp_mdH: 8.191655256142683 7.549429571174425 8.727736218675286
arand: 0.57240879723517346 0.225460390958506 0.82042110390099787
accept: 1
plaqWoTrans: 0.34916207562145174 0.3475343822932444 0.35046008045718519
plaq: 0.34916207562145174 0.3475343822932444 0.35046008045718519
topo: 0.0
# mcmc step 1 time: 3.5166389942169189 sec
V-old: 95969.956977163209 95778.5583761053 96209.97012456735
T-old: -15.25800275665936 -120.59991686937673 139.4522823924587
V-prp: 86959.315345911411 86905.9592770581 86990.894511969309
T-prp: 8994.01078549847 8864.4857061585644 9106.8835593212643
dp2: 2.118988535500133 2.1164594083494364 2.1233710088057318
force: 859.02724956722193 825.9077919652417 875.7919034398883 7.8320091388888748 7.0727231197064153 8.8885524851089883
lnJ: 0 0 0
dH: -1.3728429966722615 -1.3943996698944829 -1.3358388960332377
exp_mdH: 3.9479100980075472 3.8031850854360467 4.0325529828706017
arand: 0.5515862870150029 0.39545295092791921 0.65349374785676462
accept: 1
plaqWoTrans: 0.41026940005214163 0.41005524012607625 0.41063124405206913
plaq: 0.41026940005214163 0.41005524012607625 0.41063124405206913
topo: 0.0
# mcmc step 2 time: 3.5051400661468506 sec
V-old: 86959.315345911411 86905.9592770581 86990.894511969309
T-old: -146.51826783687162 -495.687825462662 120.41663110106776
V-prp: 80922.080476833551 80568.011791959332 81197.694021690826
T-prp: 5889.6841578236235 5727.9142830325591 6099.9388028380436
dp2: 2.0938207800440107 2.089406659828938 2.1020562618401426
force: 880.69287882568653 856.327735311553 893.26534560886 8.0726954998118128 7.2877286391462235 9.2097030434485987
lnJ: 0 0 0
dH: -1.0324434173623256 -1.0602720358292572 -1.0025980969076045
exp_mdH: 2.8086988290668997 2.7253533703693416 2.8871562924040197
arand: 0.59256242942400794 0.19228208070437747 0.83897045023791961
accept: 1
plaqWoTrans: 0.45121201933570992 0.44934289536071209 0.45361320128065763
plaq: 0.45121201933570992 0.44934289536071209 0.45361320128065763
topo: 0.0
# mcmc step 3 time: 3.4936389923095703 sec
V-old: 80922.080476833551 80568.011791959347 81197.694021690841
T-old: 237.84867986941597 -19.523551193022527 432.19989835725141
V-prp: 76303.3076468434 76105.840106270713 76617.280978666036
T-prp: 4855.8427730493249 4360.8930069314474 5194.7346539080354
dp2: 2.1163266214445486 2.1131514318662505 2.1183911765210763
force: 898.59102947050962 880.19225847796793 910.0796405942059 8.17417664137861 7.370622705420093 9.5370897035480677
lnJ: 0 0 0
dH: -0.77873681024357211 -0.83054911575163715 -0.712283073560684
exp_mdH: 2.1813571058417476 2.0386403153618589 2.294578383521312
arand: 0.22565474528107221 0.14065582677063082 0.34689055018437576
accept: 1
plaqWoTrans: 0.48253507726478811 0.48040580933521837 0.48387423973069449
plaq: 0.48253507726478811 0.48040580933521837 0.48387423973069449
topo: 0.0
# mcmc step 4 time: 3.5180859565734863 sec
V-old: 76303.3076468434 76105.840106270713 76617.280978666036
T-old: 48.371322112613775 -250.04422923935329 271.59474410212806
V-prp: 72931.764018059868 72819.59946450463 73071.802696201456
T-prp: 3419.2834593497005 3294.7968752474367 3553.8620807143971
dp2: 2.1153700353157343 2.1085720793746336 2.1217551439761158
force: 913.31143015909 899.34363889845406 927.60945304894585 8.3143525076799687 7.5392709851114672 9.4365237977739955
lnJ: 0 0 0
dH: -0.63149154644634109 -0.64462550767348148 -0.61267115388181992
exp_mdH: 1.8805879813108393 1.8453540459037514 1.9052733853904356
arand: 0.46193980515611927 0.28499123298095186 0.574110077662586
accept: 1
plaqWoTrans: 0.50539982084106538 0.50445012277424139 0.50616048540239378
plaq: 0.50539982084106538 0.50445012277424139 0.50616048540239378
topo: 0.0
# mcmc step 5 time: 3.5281360149383545 sec
V-old: 72931.764018059868 72819.59946450463 73071.802696201456
T-old: -213.62593370567558 -357.82779227855752 -121.72189578694625
V-prp: 70000.677820084049 69802.8942928334 70140.956863516461
T-prp: 2716.9276913534886 2556.4185398200384 2939.1212067929723
dp2: 2.1279730756391935 2.1226035346493068 2.1366444236800404
force: 926.73442429752777 913.48069174194347 937.191943490429 8.3584873467982614 7.50129349751908 9.5999233980143917
lnJ: 0 0 0
dH: -0.53257291665552964 -0.5492725731455721 -0.5021653811854776
exp_mdH: 1.7037021929341309 1.6522952488358102 1.7319926615407757
arand: 0.630583940975414 0.6246959629772979 0.63697709400876534
accept: 1
plaqWoTrans: 0.52527752129391792 0.52432619314564044 0.52661882668163118
plaq: 0.52527752129391792 0.52432619314564044 0.52661882668163118
topo: 0.0
# mcmc step 6 time: 3.4966380596160889 sec
V-old: 70000.677820084049 69802.8942928334 70140.956863516447
T-old: 169.20795580728395 -225.87380208639482 369.90134766834325
V-prp: 67712.0624362724 67364.353249156877 67972.916843557439
T-prp: 2457.3758650070763 2212.1702527934 2622.4446403834331
dp2: 2.1414822486006782 2.1285665801163236 2.1481616331168603
force: 936.86578302777059 926.781803987859 945.14045436462038 8.4423435477791227 7.6778254534732024 9.601209617064475
lnJ: 0 0 0
dH: -0.447474611850339 -0.49698879673087504 -0.4167692558694398
exp_mdH: 1.56534146023169 1.517052421603841 1.643764103085279
arand: 0.081514535370260724 0.0084158518088710554 0.21323934092233165
accept: 1
plaqWoTrans: 0.54079818768803978 0.53902915552057939 0.54315624152861275
plaq: 0.54079818768803978 0.53902915552057939 0.54315624152861275
topo: 0.0
# mcmc step 7 time: 3.5054960250854492 sec
V-old: 67712.0624362724 67364.353249156877 67972.916843557439
T-old: -118.29189440567399 -173.90395240065925 -61.581863854106416
V-prp: 66037.6929931806 65616.467429888915 66560.027939867636
T-prp: 1555.8157277095227 1351.0870021419341 1742.6467935533469
dp2: 2.1419452083171806 2.1349912918389724 2.14873272318589
force: 944.37831452206092 937.5285036215098 949.35766669072439 8.4080035615461046 7.6813080852824474 9.3487748530475887
lnJ: 0 0 0
dH: -0.26182097661270137 -0.29694580208160914 -0.22003769375442062
exp_mdH: 1.2999467129272002 1.2461237007828887 1.3457423610369017
arand: 0.21571410711323624 0.12271084965399415 0.34686593361896789
accept: 1
plaqWoTrans: 0.55215323219685475 0.54861092163175706 0.55500985087152155
plaq: 0.55215323219685475 0.54861092163175706 0.55500985087152155
topo: 0.0
# mcmc step 8 time: 3.5244381427764893 sec
V-old: 66037.6929931806 65616.467429888915 66560.027939867636
T-old: 77.740639241894215 -201.60101694732367 224.41890943165737
V-prp: 64657.269860103675 64203.565306993245 65435.228059907648
T-prp: 1457.9143395849424 1334.9591782701955 1637.095320415546
dp2: 2.1579054625291794 2.1490124949030749 2.1679977299660642
force: 948.67393361924712 942.15954742866791 952.33676365194026 8.4861412463244026 7.846896751007475 9.521858889969927
lnJ: 0 0 0
dH: -0.24943273385967282 -0.27785935865540523 -0.22571191177121364
exp_mdH: 1.28359585148963 1.2532145769002803 1.3203004953137893
arand: 0.45451968778550911 0.35341884804422485 0.60056014413739844
accept: 1
plaqWoTrans: 0.56151482571001743 0.556238959012128 0.56459170663117653
plaq: 0.56151482571001743 0.556238959012128 0.56459170663117653
topo: 0.0
# mcmc step 9 time: 3.4971001148223877 sec
V-old: 64657.269860103668 64203.56530699323 65435.228059907648
T-old: 55.5523849484205 9.8733665217641047 128.03183575604481
V-prp: 63634.727791330464 63245.508075173508 64199.030727146805
T-prp: 1077.9037557676404 901.9392334066697 1364.0392385167843
dp2: 2.1594373722683051 2.1582752398848015 2.1614671448270593
force: 952.77165881504379 948.43749764003269 958.26667485544147 8.5857102209122047 7.7391656051130369 9.8548072087684915
lnJ: 0 0 0
dH: -0.19069795398536371 -0.19780296202225145 -0.18436089982424164
exp_mdH: 1.2101122991878548 1.2024497086854995 1.2187222355975349
arand: 0.43789809830652709 0.24972784215770738 0.79622726655490772
accept: 1
plaqWoTrans: 0.56844938292554759 0.56462245871889383 0.57108894805790533
plaq: 0.56844938292554759 0.56462245871889383 0.57108894805790533
topo: 0.0
# mcmc step 10 time: 3.5078649520874023 sec
V-old: 63634.727791330464 63245.508075173508 64199.0307271468
T-old: -76.925236264036187 -418.82830371716886 239.88894451355776
V-prp: 62688.542683421045 62287.746235472288 63102.342960315786
T-prp: 869.09693337097269 365.17017473760052 1197.4862775723122
dp2: 2.1607686548046154 2.1487317510971224 2.1724233427417485
force: 956.70235083600392 950.8745473547317 961.89258761485542 8.568523039903285 7.8794908611582724 9.313899567578046
lnJ: 0 0 0
dH: -0.162938274423747 -0.21706943950994173 -0.1072387412932585
exp_mdH: 1.1781472540678564 1.1131999895622582 1.2424303728986605
arand: 0.41246858224852495 0.060229604286278438 0.996499778577471
accept: 1
plaqWoTrans: 0.57486611135917809 0.57205984863067083 0.57758418622862229
plaq: 0.57486611135917809 0.57205984863067083 0.57758418622862229
topo: 0.0
# mcmc step 11 time: 3.5073440074920654 sec
V-old: 62688.54268342103 62287.746235472267 63102.342960315807
T-old: 54.175190969806614 -362.8626074507327 338.90007162475342
V-prp: 62005.287143557449 61725.008512063607 62434.470058679035
T-prp: 737.31624434889352 199.7485704994362 1006.66334536873
dp2: 2.169722444091462 2.1597914750710894 2.1779937189818868
force: 958.18232813202758 952.676435937925 961.41925271954869 8.6033715412506258 7.8947617582236846 9.76324771939491
lnJ: 0 0 0
dH: -0.11448648448519332 -0.12654545848636189 -0.10728610217483947
exp_mdH: 1.1213388421494759 1.1132527129436429 1.1349010408869566
arand: 0.49581470933141208 0.38568388085161676 0.68831024069069313
accept: 1
plaqWoTrans: 0.57949973454076165 0.57658915162028668 0.58140049565929086
plaq: 0.57949973454076165 0.57658915162028668 0.58140049565929086
topo: 0.0
# mcmc step 12 time: 3.4987728595733643 sec
V-old: 62005.287143557449 61725.008512063607 62434.470058679013
T-old: -229.72124382702182 -664.70176866485906 165.35317176766063
V-prp: 61128.503840377707 60756.101129993112 61717.729455821223
T-prp: 646.91055483948378 435.36939664004819 881.98594415679088
dp2: 2.165484187137245 2.1631697974678166 2.1684948499096857
force: 961.31098635587875 956.96906277469327 965.62960115349858 8.5700146009221818 7.8896354115513478 9.5672367834628016
lnJ: 0 0 0
dH: -0.15150451324249539 -0.21056463172863005 -0.10783046865981305
exp_mdH: 1.1646837737493054 1.113858895387609 1.2343748304231548
arand: 0.69741680128963068 0.661864579851589 0.76633748705698834
accept: 1
plaqWoTrans: 0.58544580186375794 0.58144985991874709 0.58797131937667435
plaq: 0.58544580186375794 0.58144985991874709 0.58797131937667435
topo: 0.0
# mcmc step 13 time: 3.509505033493042 sec
V-old: 61128.503840377707 60756.101129993112 61717.729455821231
T-old: -277.45061685805155 -374.43958986713341 -97.649006813056971
V-prp: 60961.375837026375 60669.71475173565 61486.292211653643
T-prp: -110.38146152323482 -288.1136766527851 133.702796185674
dp2: 2.1522395660261773 2.1461290950786025 2.1560148234490533
force: 962.60465062573576 958.56365373406254 968.17713133683174 8.6789838402398178 7.8825834111865509 9.8904165653194589
lnJ: 0 0 0
dH: -0.058848016517004 -0.085441168856050353 -0.030637837582617067
exp_mdH: 1.0608799827068081 1.0311120062404273 1.089197480725338
arand: 0.61080396437722684 0.47543141354499996 0.85661179126487563
accept: 1
plaqWoTrans: 0.58657921117468 0.58301939418095128 0.58855716449832041
plaq: 0.58657921117468 0.58301939418095128 0.58855716449832041
topo: 0.0
# mcmc step 14 time: 3.5083539485931396 sec
V-old: 60961.375837026375 60669.714751735672 61486.29221165365
T-old: -223.21662288684192 -317.60599333962364 -138.03218661935247
V-prp: 60596.669778299482 60116.273239190828 60874.706364843078
T-prp: 141.41489886298027 -284.99434421780956 415.39039003087873
dp2: 2.1657099277158167 2.1527140090735042 2.1776364610209606
force: 963.08325293635517 958.1804717232535 968.15597538494228 8.6321093216648137 7.8974945867436528 10.060046520211005
lnJ: 0 0 0
dH: -0.074536977078726821 -0.13120269507635385 -0.018935894608148374
exp_mdH: 1.0785179851421434 1.0191163156725749 1.1401988705880024
arand: 0.64729136800780107 0.30395225396846115 0.95404059949003117
accept: 1
plaqWoTrans: 0.58905253242798217 0.58716697614988145 0.59231042996425509
plaq: 0.58905253242798217 0.58716697614988145 0.59231042996425509
topo: 0.0
# mcmc step 15 time: 3.4965391159057617 sec
V-old: 60596.669778299467 60116.273239190807 60874.706364843078
T-old: 172.25658304207619 3.6786783161198002 452.92986910006334
V-prp: 60783.486839556754 60489.868117448656 61052.094258234138
T-prp: -14.546449207923123 -239.22026751810546 369.2398455638986
dp2: 2.1681833257053715 2.1523076198684996 2.1774078236844838
force: 964.04153622761135 961.01529770493642 968.15931796864481 8.5725403690790589 7.774139072848107 10.060189003098111
lnJ: 0 0 0
dH: 0.01402900727892605 -0.082969562019570731 0.074767178484762553
exp_mdH: 0.9884741401532352 0.92795951011930888 1.0865087369132533
arand: 0.46236660145948222 0.2069767655214414 0.769587659360152
accept: 1
plaqWoTrans: 0.58778559814753728 0.58596398750655032 0.58977682754551419
plaq: 0.58778559814753728 0.58596398750655032 0.58977682754551419
topo: 0.0
Metropolis init with conf <nthmc.Conf object at 0x7ffa82cf8fa0>
revCheck: delta_x 1.2741204613912203e-15 delta_p 3.633689830438509e-15 delta_v [0 0 0] delta_t [5.9674487573602164e-16 3.7470027081099033e-16 3.0531133177191805e-16]
